2025-05-27 18:55:59,401 [background-preinit] INFO  o.h.validator.internal.util.Version                - HV000001: Hibernate Validator 8.0.2.Final
2025-05-27 18:55:59,459 [main] INFO  c.e.s.java.server.JavaServerApplication            - Starting JavaServerApplication using Java 21.0.5 with PID 24844 (D:\JavaTeam\java-server\target\classes started by sl in D:\JavaTeam\java-server)
2025-05-27 18:55:59,459 [main] INFO  c.e.s.java.server.JavaServerApplication            - No active profile set, falling back to 1 default profile: "default"
2025-05-27 18:56:00,121 [main] INFO  o.s.d.r.c.RepositoryConfigurationDelegate          - Multiple Spring Data modules found, entering strict repository configuration mode
2025-05-27 18:56:00,122 [main] INFO  o.s.d.r.c.RepositoryConfigurationDelegate          - Bootstrapping Spring Data JPA repositories in DEFAULT mode.
2025-05-27 18:56:00,266 [main] INFO  o.s.d.r.c.RepositoryConfigurationDelegate          - Finished Spring Data repository scanning in 137 ms. Found 19 JPA repository interfaces.
2025-05-27 18:56:00,288 [main] INFO  o.s.d.r.c.RepositoryConfigurationDelegate          - Multiple Spring Data modules found, entering strict repository configuration mode
2025-05-27 18:56:00,289 [main] INFO  o.s.d.r.c.RepositoryConfigurationDelegate          - Bootstrapping Spring Data Redis repositories in DEFAULT mode.
2025-05-27 18:56:00,308 [main] INFO  o.s.d.r.c.RepositoryConfigurationExtensionSupport  - Spring Data Redis - Could not safely identify store assignment for repository candidate interface cn.edu.sdu.java.server.repositorys.AwardPersonRepository; If you want this repository to be a Redis repository, consider annotating your entities with one of these annotations: org.springframework.data.redis.core.RedisHash (preferred), or consider extending one of the following types with your repository: org.springframework.data.keyvalue.repository.KeyValueRepository
2025-05-27 18:56:00,308 [main] INFO  o.s.d.r.c.RepositoryConfigurationExtensionSupport  - Spring Data Redis - Could not safely identify store assignment for repository candidate interface cn.edu.sdu.java.server.repositorys.AwardRepository; If you want this repository to be a Redis repository, consider annotating your entities with one of these annotations: org.springframework.data.redis.core.RedisHash (preferred), or consider extending one of the following types with your repository: org.springframework.data.keyvalue.repository.KeyValueRepository
2025-05-27 18:56:00,308 [main] INFO  o.s.d.r.c.RepositoryConfigurationExtensionSupport  - Spring Data Redis - Could not safely identify store assignment for repository candidate interface cn.edu.sdu.java.server.repositorys.CourseRepository; If you want this repository to be a Redis repository, consider annotating your entities with one of these annotations: org.springframework.data.redis.core.RedisHash (preferred), or consider extending one of the following types with your repository: org.springframework.data.keyvalue.repository.KeyValueRepository
2025-05-27 18:56:00,308 [main] INFO  o.s.d.r.c.RepositoryConfigurationExtensionSupport  - Spring Data Redis - Could not safely identify store assignment for repository candidate interface cn.edu.sdu.java.server.repositorys.DictionaryInfoRepository; If you want this repository to be a Redis repository, consider annotating your entities with one of these annotations: org.springframework.data.redis.core.RedisHash (preferred), or consider extending one of the following types with your repository: org.springframework.data.keyvalue.repository.KeyValueRepository
2025-05-27 18:56:00,308 [main] INFO  o.s.d.r.c.RepositoryConfigurationExtensionSupport  - Spring Data Redis - Could not safely identify store assignment for repository candidate interface cn.edu.sdu.java.server.repositorys.FamilyMemberRepository; If you want this repository to be a Redis repository, consider annotating your entities with one of these annotations: org.springframework.data.redis.core.RedisHash (preferred), or consider extending one of the following types with your repository: org.springframework.data.keyvalue.repository.KeyValueRepository
2025-05-27 18:56:00,308 [main] INFO  o.s.d.r.c.RepositoryConfigurationExtensionSupport  - Spring Data Redis - Could not safely identify store assignment for repository candidate interface cn.edu.sdu.java.server.repositorys.FeeRepository; If you want this repository to be a Redis repository, consider annotating your entities with one of these annotations: org.springframework.data.redis.core.RedisHash (preferred), or consider extending one of the following types with your repository: org.springframework.data.keyvalue.repository.KeyValueRepository
2025-05-27 18:56:00,309 [main] INFO  o.s.d.r.c.RepositoryConfigurationExtensionSupport  - Spring Data Redis - Could not safely identify store assignment for repository candidate interface cn.edu.sdu.java.server.repositorys.MenuInfoRepository; If you want this repository to be a Redis repository, consider annotating your entities with one of these annotations: org.springframework.data.redis.core.RedisHash (preferred), or consider extending one of the following types with your repository: org.springframework.data.keyvalue.repository.KeyValueRepository
2025-05-27 18:56:00,309 [main] INFO  o.s.d.r.c.RepositoryConfigurationExtensionSupport  - Spring Data Redis - Could not safely identify store assignment for repository candidate interface cn.edu.sdu.java.server.repositorys.ModifyLogRepository; If you want this repository to be a Redis repository, consider annotating your entities with one of these annotations: org.springframework.data.redis.core.RedisHash (preferred), or consider extending one of the following types with your repository: org.springframework.data.keyvalue.repository.KeyValueRepository
2025-05-27 18:56:00,309 [main] INFO  o.s.d.r.c.RepositoryConfigurationExtensionSupport  - Spring Data Redis - Could not safely identify store assignment for repository candidate interface cn.edu.sdu.java.server.repositorys.PersonRepository; If you want this repository to be a Redis repository, consider annotating your entities with one of these annotations: org.springframework.data.redis.core.RedisHash (preferred), or consider extending one of the following types with your repository: org.springframework.data.keyvalue.repository.KeyValueRepository
2025-05-27 18:56:00,310 [main] INFO  o.s.d.r.c.RepositoryConfigurationExtensionSupport  - Spring Data Redis - Could not safely identify store assignment for repository candidate interface cn.edu.sdu.java.server.repositorys.ScoreRepository; If you want this repository to be a Redis repository, consider annotating your entities with one of these annotations: org.springframework.data.redis.core.RedisHash (preferred), or consider extending one of the following types with your repository: org.springframework.data.keyvalue.repository.KeyValueRepository
2025-05-27 18:56:00,310 [main] INFO  o.s.d.r.c.RepositoryConfigurationExtensionSupport  - Spring Data Redis - Could not safely identify store assignment for repository candidate interface cn.edu.sdu.java.server.repositorys.StatisticsDayRepository; If you want this repository to be a Redis repository, consider annotating your entities with one of these annotations: org.springframework.data.redis.core.RedisHash (preferred), or consider extending one of the following types with your repository: org.springframework.data.keyvalue.repository.KeyValueRepository
2025-05-27 18:56:00,310 [main] INFO  o.s.d.r.c.RepositoryConfigurationExtensionSupport  - Spring Data Redis - Could not safely identify store assignment for repository candidate interface cn.edu.sdu.java.server.repositorys.StudentRepository; If you want this repository to be a Redis repository, consider annotating your entities with one of these annotations: org.springframework.data.redis.core.RedisHash (preferred), or consider extending one of the following types with your repository: org.springframework.data.keyvalue.repository.KeyValueRepository
2025-05-27 18:56:00,310 [main] INFO  o.s.d.r.c.RepositoryConfigurationExtensionSupport  - Spring Data Redis - Could not safely identify store assignment for repository candidate interface cn.edu.sdu.java.server.repositorys.StudentStatisticsRepository; If you want this repository to be a Redis repository, consider annotating your entities with one of these annotations: org.springframework.data.redis.core.RedisHash (preferred), or consider extending one of the following types with your repository: org.springframework.data.keyvalue.repository.KeyValueRepository
2025-05-27 18:56:00,311 [main] INFO  o.s.d.r.c.RepositoryConfigurationExtensionSupport  - Spring Data Redis - Could not safely identify store assignment for repository candidate interface cn.edu.sdu.java.server.repositorys.student_end.LeaveRequestRepository; If you want this repository to be a Redis repository, consider annotating your entities with one of these annotations: org.springframework.data.redis.core.RedisHash (preferred), or consider extending one of the following types with your repository: org.springframework.data.keyvalue.repository.KeyValueRepository
2025-05-27 18:56:00,311 [main] INFO  o.s.d.r.c.RepositoryConfigurationExtensionSupport  - Spring Data Redis - Could not safely identify store assignment for repository candidate interface cn.edu.sdu.java.server.repositorys.SystemInfoRepository; If you want this repository to be a Redis repository, consider annotating your entities with one of these annotations: org.springframework.data.redis.core.RedisHash (preferred), or consider extending one of the following types with your repository: org.springframework.data.keyvalue.repository.KeyValueRepository
2025-05-27 18:56:00,311 [main] INFO  o.s.d.r.c.RepositoryConfigurationExtensionSupport  - Spring Data Redis - Could not safely identify store assignment for repository candidate interface cn.edu.sdu.java.server.repositorys.TeacherRepository; If you want this repository to be a Redis repository, consider annotating your entities with one of these annotations: org.springframework.data.redis.core.RedisHash (preferred), or consider extending one of the following types with your repository: org.springframework.data.keyvalue.repository.KeyValueRepository
2025-05-27 18:56:00,311 [main] INFO  o.s.d.r.c.RepositoryConfigurationExtensionSupport  - Spring Data Redis - Could not safely identify store assignment for repository candidate interface cn.edu.sdu.java.server.repositorys.UserRepository; If you want this repository to be a Redis repository, consider annotating your entities with one of these annotations: org.springframework.data.redis.core.RedisHash (preferred), or consider extending one of the following types with your repository: org.springframework.data.keyvalue.repository.KeyValueRepository
2025-05-27 18:56:00,311 [main] INFO  o.s.d.r.c.RepositoryConfigurationExtensionSupport  - Spring Data Redis - Could not safely identify store assignment for repository candidate interface cn.edu.sdu.java.server.repositorys.UserTypeRepository; If you want this repository to be a Redis repository, consider annotating your entities with one of these annotations: org.springframework.data.redis.core.RedisHash (preferred), or consider extending one of the following types with your repository: org.springframework.data.keyvalue.repository.KeyValueRepository
2025-05-27 18:56:00,311 [main] INFO  o.s.d.r.c.RepositoryConfigurationExtensionSupport  - Spring Data Redis - Could not safely identify store assignment for repository candidate interface cn.edu.sdu.java.server.repositorys.VoluntaryWorkRepository; If you want this repository to be a Redis repository, consider annotating your entities with one of these annotations: org.springframework.data.redis.core.RedisHash (preferred), or consider extending one of the following types with your repository: org.springframework.data.keyvalue.repository.KeyValueRepository
2025-05-27 18:56:00,312 [main] INFO  o.s.d.r.c.RepositoryConfigurationDelegate          - Finished Spring Data repository scanning in 11 ms. Found 0 Redis repository interfaces.
2025-05-27 18:56:00,887 [main] INFO  o.s.b.w.embedded.tomcat.TomcatWebServer            - Tomcat initialized with port 22222 (http)
2025-05-27 18:56:00,901 [main] INFO  o.apache.coyote.http11.Http11NioProtocol           - Initializing ProtocolHandler ["http-nio-22222"]
2025-05-27 18:56:00,903 [main] INFO  o.apache.catalina.core.StandardService             - Starting service [Tomcat]
2025-05-27 18:56:00,903 [main] INFO  org.apache.catalina.core.StandardEngine            - Starting Servlet engine: [Apache Tomcat/10.1.34]
2025-05-27 18:56:00,972 [main] INFO  o.a.c.c.C.[Tomcat].[localhost].[/]                 - Initializing Spring embedded WebApplicationContext
2025-05-27 18:56:00,973 [main] INFO  o.s.b.w.s.c.ServletWebServerApplicationContext     - Root WebApplicationContext: initialization completed in 1481 ms
2025-05-27 18:56:01,094 [main] INFO  o.hibernate.jpa.internal.util.LogHelper            - HHH000204: Processing PersistenceUnitInfo [name: default]
2025-05-27 18:56:01,155 [main] INFO  org.hibernate.Version                              - HHH000412: Hibernate ORM core version 6.6.5.Final
2025-05-27 18:56:01,191 [main] INFO  o.h.c.internal.RegionFactoryInitiator              - HHH000026: Second-level cache disabled
2025-05-27 18:56:01,371 [main] INFO  o.s.o.j.p.SpringPersistenceUnitInfo                - No LoadTimeWeaver setup: ignoring JPA class transformer
2025-05-27 18:56:01,388 [main] INFO  com.zaxxer.hikari.HikariDataSource                 - HikariPool-1 - Starting...
2025-05-27 18:56:06,064 [main] INFO  com.zaxxer.hikari.pool.HikariPool                  - HikariPool-1 - Added connection com.mysql.cj.jdbc.ConnectionImpl@355493bf
2025-05-27 18:56:06,066 [main] INFO  com.zaxxer.hikari.HikariDataSource                 - HikariPool-1 - Start completed.
2025-05-27 18:56:06,136 [main] INFO  org.hibernate.orm.connections.pooling              - HHH10001005: Database info:
	Database JDBC URL [Connecting through datasource 'HikariDataSource (HikariPool-1)']
	Database driver: undefined/unknown
	Database version: 8.0.35
	Autocommit mode: undefined/unknown
	Isolation level: undefined/unknown
	Minimum pool size: undefined/unknown
	Maximum pool size: undefined/unknown
2025-05-27 18:56:06,882 [main] INFO  o.h.e.t.j.p.i.JtaPlatformInitiator                 - HHH000489: No JTA platform available (set 'hibernate.transaction.jta.platform' to enable JTA platform integration)
2025-05-27 18:56:07,647 [main] INFO  o.s.o.j.LocalContainerEntityManagerFactoryBean     - Initialized JPA EntityManagerFactory for persistence unit 'default'
2025-05-27 18:56:07,948 [main] INFO  o.s.d.j.r.query.QueryEnhancerFactory               - Hibernate is in classpath; If applicable, HQL parser will be used.
2025-05-27 18:56:08,634 [main] WARN  o.s.b.a.o.j.JpaBaseConfiguration$JpaWebConfiguration - spring.jpa.open-in-view is enabled by default. Therefore, database queries may be performed during view rendering. Explicitly configure spring.jpa.open-in-view to disable this warning
2025-05-27 18:56:08,935 [main] INFO  o.s.s.c.a.a.c.InitializeAuthenticationProviderBeanManagerConfigurer$InitializeAuthenticationProviderManagerConfigurer - Global AuthenticationManager configured with AuthenticationProvider bean with name authenticationProvider
2025-05-27 18:56:08,936 [main] WARN  o.s.s.c.a.a.c.InitializeUserDetailsBeanManagerConfigurer$InitializeUserDetailsManagerConfigurer - Global AuthenticationManager configured with an AuthenticationProvider bean. UserDetailsService beans will not be used by Spring Security for automatically configuring username/password login. Consider removing the AuthenticationProvider bean. Alternatively, consider using the UserDetailsService in a manually instantiated DaoAuthenticationProvider. If the current configuration is intentional, to turn off this warning, increase the logging level of 'org.springframework.security.config.annotation.authentication.configuration.InitializeUserDetailsBeanManagerConfigurer' to ERROR
2025-05-27 18:56:10,200 [main] INFO  o.apache.coyote.http11.Http11NioProtocol           - Starting ProtocolHandler ["http-nio-22222"]
2025-05-27 18:56:10,221 [main] INFO  o.s.b.w.embedded.tomcat.TomcatWebServer            - Tomcat started on port 22222 (http) with context path '/'
2025-05-27 18:56:10,227 [main] INFO  c.e.s.java.server.JavaServerApplication            - Started JavaServerApplication in 11.168 seconds (process running for 11.653)
2025-05-27 18:56:10,230 [main] INFO  c.e.s.j.server.SystemApplicationListener           - SystemInitStart
2025-05-27 18:56:10,370 [main] INFO  c.e.s.j.server.SystemApplicationListener           - systemInitEnd
2025-05-27 18:56:34,945 [http-nio-22222-exec-1] INFO  o.a.c.c.C.[Tomcat].[localhost].[/]                 - Initializing Spring DispatcherServlet 'dispatcherServlet'
2025-05-27 18:56:34,945 [http-nio-22222-exec-1] INFO  o.s.web.servlet.DispatcherServlet                  - Initializing Servlet 'dispatcherServlet'
2025-05-27 18:56:34,946 [http-nio-22222-exec-1] INFO  o.s.web.servlet.DispatcherServlet                  - Completed initialization in 1 ms
2025-05-27 18:56:35,779 [http-nio-22222-exec-2] INFO  c.e.s.j.s.c.JwtAuthenticationFilter                - /api/base/getMenuList,admin,2025-05-27 18:56:35,0.291
2025-05-27 18:56:40,841 [http-nio-22222-exec-4] INFO  c.e.s.j.s.c.JwtAuthenticationFilter                - /api/base/getMenuTreeNodeList,admin,2025-05-27 18:56:40,0.238
2025-05-27 18:56:44,073 [http-nio-22222-exec-5] INFO  c.e.s.j.s.c.JwtAuthenticationFilter                - /api/student/getStudentList,admin,2025-05-27 18:56:43,0.087
2025-05-27 18:56:44,175 [http-nio-22222-exec-7] INFO  c.e.s.j.s.c.JwtAuthenticationFilter                - /api/base/getDictionaryOptionItemList,admin,2025-05-27 18:56:44,0.096
2025-05-27 18:56:46,131 [http-nio-22222-exec-10] INFO  c.e.s.j.s.c.JwtAuthenticationFilter                - /api/leaveRequest/getLeaveRequestCount,admin,2025-05-27 18:56:45,0.138
2025-05-27 18:56:46,289 [http-nio-22222-exec-1] INFO  c.e.s.j.s.c.JwtAuthenticationFilter                - /api/leaveRequest/getLeaveRequestListForAdmin,admin,2025-05-27 18:56:46,0.153
2025-05-27 18:56:46,395 [http-nio-22222-exec-2] INFO  c.e.s.j.s.c.JwtAuthenticationFilter                - /api/leaveRequest/getLeaveRequestListForAdmin,admin,2025-05-27 18:56:46,0.086
2025-05-27 18:56:46,470 [http-nio-22222-exec-4] INFO  c.e.s.j.s.c.JwtAuthenticationFilter                - /api/leaveRequest/getLeaveRequestListForAdmin,admin,2025-05-27 18:56:46,0.069
2025-05-27 18:56:47,326 [http-nio-22222-exec-8] INFO  c.e.s.j.s.c.JwtAuthenticationFilter                - /api/leaveRequest/getLeaveRequestDetailInfo,admin,2025-05-27 18:56:47,0.058
2025-05-27 18:56:49,968 [http-nio-22222-exec-9] INFO  c.e.s.j.s.c.JwtAuthenticationFilter                - /api/leaveRequest/getLeaveRequestListForAdmin,admin,2025-05-27 18:56:49,0.077
2025-05-27 18:56:50,209 [http-nio-22222-exec-2] INFO  c.e.s.j.s.c.JwtAuthenticationFilter                - /api/leaveRequest/getLeaveRequestDetailInfo,admin,2025-05-27 18:56:50,0.032
2025-05-27 18:56:51,388 [http-nio-22222-exec-4] INFO  c.e.s.j.s.c.JwtAuthenticationFilter                - /api/leaveRequest/getLeaveRequestListForAdmin,admin,2025-05-27 18:56:51,0.07
2025-05-27 18:56:51,812 [http-nio-22222-exec-6] INFO  c.e.s.j.s.c.JwtAuthenticationFilter                - /api/leaveRequest/getLeaveRequestDetailInfo,admin,2025-05-27 18:56:51,0.049
2025-05-27 18:56:52,475 [http-nio-22222-exec-3] INFO  c.e.s.j.s.c.JwtAuthenticationFilter                - /api/leaveRequest/getLeaveRequestListForAdmin,admin,2025-05-27 18:56:52,0.081
2025-05-27 18:56:52,589 [http-nio-22222-exec-7] INFO  c.e.s.j.s.c.JwtAuthenticationFilter                - /api/leaveRequest/getLeaveRequestDetailInfo,admin,2025-05-27 18:56:52,0.036
2025-05-27 18:56:53,845 [http-nio-22222-exec-2] INFO  c.e.s.j.s.c.JwtAuthenticationFilter                - /api/leaveRequest/getLeaveRequestListForAdmin,admin,2025-05-27 18:56:53,0.072
2025-05-27 18:57:11,929 [http-nio-22222-exec-7] INFO  c.e.s.j.s.c.JwtAuthenticationFilter                - /api/base/getMenuList,admin,2025-05-27 18:57:11,0.604
2025-05-27 18:57:13,131 [http-nio-22222-exec-1] INFO  c.e.s.j.s.c.JwtAuthenticationFilter                - /api/leaveRequest/getLeaveRequestCount,admin,2025-05-27 18:57:12,0.16
2025-05-27 18:57:13,321 [http-nio-22222-exec-8] INFO  c.e.s.j.s.c.JwtAuthenticationFilter                - /api/leaveRequest/getLeaveRequestListForAdmin,admin,2025-05-27 18:57:13,0.18
2025-05-27 18:57:13,541 [http-nio-22222-exec-9] INFO  c.e.s.j.s.c.JwtAuthenticationFilter                - /api/leaveRequest/getLeaveRequestListForAdmin,admin,2025-05-27 18:57:13,0.156
2025-05-27 18:57:13,613 [http-nio-22222-exec-5] INFO  c.e.s.j.s.c.JwtAuthenticationFilter                - /api/leaveRequest/getLeaveRequestListForAdmin,admin,2025-05-27 18:57:13,0.066
2025-05-27 18:57:15,871 [http-nio-22222-exec-7] INFO  c.e.s.j.s.c.JwtAuthenticationFilter                - /api/leaveRequest/getLeaveRequestDetailInfo,admin,2025-05-27 18:57:15,0.098
2025-05-27 18:57:17,630 [http-nio-22222-exec-1] INFO  c.e.s.j.s.c.JwtAuthenticationFilter                - /api/leaveRequest/getLeaveRequestListForAdmin,admin,2025-05-27 18:57:17,0.161
2025-05-27 19:00:31,947 [http-nio-22222-exec-4] INFO  c.e.s.j.s.c.JwtAuthenticationFilter                - /api/base/getMenuList,admin,2025-05-27 19:00:31,0.2
2025-05-27 19:00:33,070 [http-nio-22222-exec-10] INFO  c.e.s.j.s.c.JwtAuthenticationFilter                - /api/leaveRequest/getLeaveRequestCount,admin,2025-05-27 19:00:33,0.048
2025-05-27 19:00:33,135 [http-nio-22222-exec-6] INFO  c.e.s.j.s.c.JwtAuthenticationFilter                - /api/leaveRequest/getLeaveRequestListForAdmin,admin,2025-05-27 19:00:33,0.056
2025-05-27 19:00:33,254 [http-nio-22222-exec-2] INFO  c.e.s.j.s.c.JwtAuthenticationFilter                - /api/leaveRequest/getLeaveRequestListForAdmin,admin,2025-05-27 19:00:33,0.066
2025-05-27 19:00:33,350 [http-nio-22222-exec-7] INFO  c.e.s.j.s.c.JwtAuthenticationFilter                - /api/leaveRequest/getLeaveRequestListForAdmin,admin,2025-05-27 19:00:33,0.091
2025-05-27 19:00:35,246 [http-nio-22222-exec-4] INFO  c.e.s.j.s.c.JwtAuthenticationFilter                - /api/leaveRequest/getLeaveRequestDetailInfo,admin,2025-05-27 19:00:35,0.047
2025-05-27 19:00:48,623 [http-nio-22222-exec-10] INFO  c.e.s.j.s.c.JwtAuthenticationFilter                - /api/leaveRequest/getLeaveRequestListForAdmin,admin,2025-05-27 19:00:48,0.061
2025-05-27 19:02:53,619 [http-nio-22222-exec-9] INFO  c.e.s.j.s.c.JwtAuthenticationFilter                - /api/leaveRequest/getLeaveRequestDetailInfo,admin,2025-05-27 19:02:53,0.029
2025-05-27 19:02:58,453 [http-nio-22222-exec-8] INFO  c.e.s.j.s.c.JwtAuthenticationFilter                - /api/leaveRequest/getLeaveRequestListForAdmin,admin,2025-05-27 19:02:58,0.08
2025-05-27 19:03:08,936 [http-nio-22222-exec-1] INFO  c.e.s.j.s.c.JwtAuthenticationFilter                - /api/leaveRequest/getLeaveRequestDetailInfo,admin,2025-05-27 19:03:08,0.102
2025-05-27 19:03:18,653 [http-nio-22222-exec-5] INFO  c.e.s.j.s.c.JwtAuthenticationFilter                - /api/leaveRequest/getLeaveRequestListForAdmin,admin,2025-05-27 19:03:18,0.081
2025-05-27 19:04:28,062 [http-nio-22222-exec-7] INFO  c.e.s.j.s.c.JwtAuthenticationFilter                - /api/base/getMenuList,admin,2025-05-27 19:04:27,0.222
2025-05-27 19:04:29,090 [http-nio-22222-exec-9] INFO  c.e.s.j.s.c.JwtAuthenticationFilter                - /api/leaveRequest/getLeaveRequestCount,admin,2025-05-27 19:04:29,0.077
2025-05-27 19:04:29,156 [http-nio-22222-exec-8] INFO  c.e.s.j.s.c.JwtAuthenticationFilter                - /api/leaveRequest/getLeaveRequestListForAdmin,admin,2025-05-27 19:04:29,0.056
2025-05-27 19:04:29,283 [http-nio-22222-exec-1] INFO  c.e.s.j.s.c.JwtAuthenticationFilter                - /api/leaveRequest/getLeaveRequestListForAdmin,admin,2025-05-27 19:04:29,0.07
2025-05-27 19:04:29,350 [http-nio-22222-exec-5] INFO  c.e.s.j.s.c.JwtAuthenticationFilter                - /api/leaveRequest/getLeaveRequestListForAdmin,admin,2025-05-27 19:04:29,0.062
2025-05-27 19:04:30,372 [http-nio-22222-exec-7] INFO  c.e.s.j.s.c.JwtAuthenticationFilter                - /api/leaveRequest/getLeaveRequestDetailInfo,admin,2025-05-27 19:04:30,0.037
2025-05-27 19:04:31,383 [http-nio-22222-exec-9] INFO  c.e.s.j.s.c.JwtAuthenticationFilter                - /api/leaveRequest/getLeaveRequestListForAdmin,admin,2025-05-27 19:04:31,0.11
2025-05-27 19:05:00,473 [http-nio-22222-exec-10] INFO  c.e.s.j.s.c.JwtAuthenticationFilter                - /api/student/getStudentList,admin,2025-05-27 19:05:00,0.058
2025-05-27 19:05:00,508 [http-nio-22222-exec-6] INFO  c.e.s.j.s.c.JwtAuthenticationFilter                - /api/base/getDictionaryOptionItemList,admin,2025-05-27 19:05:00,0.03
2025-05-27 19:05:01,237 [http-nio-22222-exec-2] INFO  c.e.s.j.s.c.JwtAuthenticationFilter                - /api/teacher/getTeacherList,admin,2025-05-27 19:05:01,0.218
2025-05-27 19:05:01,413 [http-nio-22222-exec-7] INFO  c.e.s.j.s.c.JwtAuthenticationFilter                - /api/teacher/getTeacherCount,admin,2025-05-27 19:05:01,0.168
2025-05-27 19:05:01,447 [http-nio-22222-exec-9] INFO  c.e.s.j.s.c.JwtAuthenticationFilter                - /api/base/getDictionaryOptionItemList,admin,2025-05-27 19:05:01,0.029
2025-05-27 19:05:01,542 [http-nio-22222-exec-8] INFO  c.e.s.j.s.c.JwtAuthenticationFilter                - /api/photo/getBaseUrl,admin,2025-05-27 19:05:01,0.09
2025-05-27 19:05:04,491 [http-nio-22222-exec-3] INFO  c.e.s.j.s.c.JwtAuthenticationFilter                - /api/teacher/getTeacherInfo,admin,2025-05-27 19:05:04,0.094
2025-05-27 19:05:04,537 [http-nio-22222-exec-4] INFO  c.e.s.j.s.c.JwtAuthenticationFilter                - /api/photo/download,admin,2025-05-27 19:05:04,0.033
2025-05-27 19:05:06,814 [http-nio-22222-exec-9] INFO  c.e.s.j.s.c.JwtAuthenticationFilter                - /api/teacher/getTeacherInfo,admin,2025-05-27 19:05:06,0.176
2025-05-27 19:05:06,899 [http-nio-22222-exec-8] INFO  c.e.s.j.s.c.JwtAuthenticationFilter                - /api/photo/download,admin,2025-05-27 19:05:06,0.074
2025-05-27 19:05:07,468 [http-nio-22222-exec-10] INFO  c.e.s.j.s.c.JwtAuthenticationFilter                - /api/teacher/getTeacherInfo,admin,2025-05-27 19:05:07,0.072
2025-05-27 19:05:07,543 [http-nio-22222-exec-1] INFO  c.e.s.j.s.c.JwtAuthenticationFilter                - /api/photo/download,admin,2025-05-27 19:05:07,0.07
2025-05-27 19:05:08,032 [http-nio-22222-exec-5] INFO  c.e.s.j.s.c.JwtAuthenticationFilter                - /api/teacher/getTeacherInfo,admin,2025-05-27 19:05:07,0.078
2025-05-27 19:05:08,153 [http-nio-22222-exec-6] INFO  c.e.s.j.s.c.JwtAuthenticationFilter                - /api/photo/download,admin,2025-05-27 19:05:08,0.11
2025-05-27 19:05:09,344 [http-nio-22222-exec-3] INFO  c.e.s.j.s.c.JwtAuthenticationFilter                - /api/teacher/getTeacherInfo,admin,2025-05-27 19:05:09,0.163
2025-05-27 19:05:09,428 [http-nio-22222-exec-4] INFO  c.e.s.j.s.c.JwtAuthenticationFilter                - /api/photo/download,admin,2025-05-27 19:05:09,0.074
2025-05-27 19:05:10,244 [http-nio-22222-exec-2] INFO  c.e.s.j.s.c.JwtAuthenticationFilter                - /api/teacher/getTeacherInfo,admin,2025-05-27 19:05:10,0.066
2025-05-27 19:05:10,286 [http-nio-22222-exec-7] INFO  c.e.s.j.s.c.JwtAuthenticationFilter                - /api/photo/download,admin,2025-05-27 19:05:10,0.03
2025-05-27 19:05:11,016 [http-nio-22222-exec-9] INFO  c.e.s.j.s.c.JwtAuthenticationFilter                - /api/teacher/getTeacherInfo,admin,2025-05-27 19:05:10,0.077
2025-05-27 19:05:11,063 [http-nio-22222-exec-8] INFO  c.e.s.j.s.c.JwtAuthenticationFilter                - /api/photo/download,admin,2025-05-27 19:05:11,0.035
2025-05-27 19:05:57,863 [http-nio-22222-exec-10] INFO  c.e.s.j.s.c.JwtAuthenticationFilter                - /api/base/getMenuList,admin,2025-05-27 19:05:57,0.256
2025-05-27 19:05:58,830 [http-nio-22222-exec-3] INFO  c.e.s.j.s.c.JwtAuthenticationFilter                - /api/leaveRequest/getLeaveRequestCount,admin,2025-05-27 19:05:58,0.079
2025-05-27 19:05:58,905 [http-nio-22222-exec-8] INFO  c.e.s.j.s.c.JwtAuthenticationFilter                - /api/leaveRequest/getLeaveRequestListForAdmin,admin,2025-05-27 19:05:58,0.071
2025-05-27 19:05:59,057 [http-nio-22222-exec-6] INFO  c.e.s.j.s.c.JwtAuthenticationFilter                - /api/leaveRequest/getLeaveRequestListForAdmin,admin,2025-05-27 19:05:58,0.093
2025-05-27 19:05:59,123 [http-nio-22222-exec-7] INFO  c.e.s.j.s.c.JwtAuthenticationFilter                - /api/leaveRequest/getLeaveRequestListForAdmin,admin,2025-05-27 19:05:59,0.061
2025-05-27 19:05:59,856 [http-nio-22222-exec-5] INFO  c.e.s.j.s.c.JwtAuthenticationFilter                - /api/leaveRequest/getLeaveRequestDetailInfo,admin,2025-05-27 19:05:59,0.054
2025-05-27 19:06:06,260 [http-nio-22222-exec-10] INFO  c.e.s.j.s.c.JwtAuthenticationFilter                - /api/leaveRequest/getLeaveRequestListForAdmin,admin,2025-05-27 19:06:06,0.093
2025-05-27 19:11:42,909 [http-nio-22222-exec-1] INFO  c.e.s.j.s.c.JwtAuthenticationFilter                - /api/base/getMenuList,admin,2025-05-27 19:11:42,0.463
2025-05-27 19:11:43,803 [http-nio-22222-exec-9] INFO  c.e.s.j.s.c.JwtAuthenticationFilter                - /api/leaveRequest/getLeaveRequestCount,admin,2025-05-27 19:11:43,0.103
2025-05-27 19:11:43,884 [http-nio-22222-exec-4] INFO  c.e.s.j.s.c.JwtAuthenticationFilter                - /api/leaveRequest/getLeaveRequestListForAdmin,admin,2025-05-27 19:11:43,0.076
2025-05-27 19:11:43,998 [http-nio-22222-exec-11] INFO  c.e.s.j.s.c.JwtAuthenticationFilter                - /api/leaveRequest/getLeaveRequestListForAdmin,admin,2025-05-27 19:11:43,0.058
2025-05-27 19:11:44,090 [http-nio-22222-exec-5] INFO  c.e.s.j.s.c.JwtAuthenticationFilter                - /api/leaveRequest/getLeaveRequestListForAdmin,admin,2025-05-27 19:11:44,0.087
2025-05-27 19:11:44,888 [http-nio-22222-exec-1] INFO  c.e.s.j.s.c.JwtAuthenticationFilter                - /api/leaveRequest/getLeaveRequestDetailInfo,admin,2025-05-27 19:11:44,0.043
2025-05-27 19:11:46,351 [http-nio-22222-exec-9] INFO  c.e.s.j.s.c.JwtAuthenticationFilter                - /api/leaveRequest/getLeaveRequestListForAdmin,admin,2025-05-27 19:11:46,0.08
2025-05-27 19:12:05,351 [http-nio-22222-exec-10] INFO  c.e.s.j.s.c.JwtAuthenticationFilter                - /api/base/getMenuList,admin,2025-05-27 19:12:04,0.536
2025-05-27 19:12:06,357 [http-nio-22222-exec-3] INFO  c.e.s.j.s.c.JwtAuthenticationFilter                - /api/leaveRequest/getLeaveRequestCount,admin,2025-05-27 19:12:06,0.203
2025-05-27 19:12:06,567 [http-nio-22222-exec-6] INFO  c.e.s.j.s.c.JwtAuthenticationFilter                - /api/leaveRequest/getLeaveRequestListForAdmin,admin,2025-05-27 19:12:06,0.202
2025-05-27 19:12:06,812 [http-nio-22222-exec-2] INFO  c.e.s.j.s.c.JwtAuthenticationFilter                - /api/leaveRequest/getLeaveRequestListForAdmin,admin,2025-05-27 19:12:06,0.179
2025-05-27 19:12:06,890 [http-nio-22222-exec-1] INFO  c.e.s.j.s.c.JwtAuthenticationFilter                - /api/leaveRequest/getLeaveRequestListForAdmin,admin,2025-05-27 19:12:06,0.071
2025-05-27 19:12:09,473 [http-nio-22222-exec-10] INFO  c.e.s.j.s.c.JwtAuthenticationFilter                - /api/leaveRequest/getLeaveRequestDetailInfo,admin,2025-05-27 19:12:09,0.099
2025-05-27 19:12:13,788 [http-nio-22222-exec-3] INFO  c.e.s.j.s.c.JwtAuthenticationFilter                - /api/leaveRequest/getLeaveRequestListForAdmin,admin,2025-05-27 19:12:13,0.126
2025-05-27 19:13:27,770 [http-nio-22222-exec-9] INFO  c.e.s.j.s.c.JwtAuthenticationFilter                - /api/base/getMenuList,admin,2025-05-27 19:13:27,0.212
2025-05-27 19:13:28,648 [http-nio-22222-exec-5] INFO  c.e.s.j.s.c.JwtAuthenticationFilter                - /api/leaveRequest/getLeaveRequestCount,admin,2025-05-27 19:13:28,0.042
2025-05-27 19:13:28,729 [http-nio-22222-exec-11] INFO  c.e.s.j.s.c.JwtAuthenticationFilter                - /api/leaveRequest/getLeaveRequestListForAdmin,admin,2025-05-27 19:13:28,0.074
2025-05-27 19:13:28,821 [http-nio-22222-exec-8] INFO  c.e.s.j.s.c.JwtAuthenticationFilter                - /api/leaveRequest/getLeaveRequestListForAdmin,admin,2025-05-27 19:13:28,0.04
2025-05-27 19:13:28,896 [http-nio-22222-exec-10] INFO  c.e.s.j.s.c.JwtAuthenticationFilter                - /api/leaveRequest/getLeaveRequestListForAdmin,admin,2025-05-27 19:13:28,0.071
2025-05-27 19:13:29,576 [http-nio-22222-exec-9] INFO  c.e.s.j.s.c.JwtAuthenticationFilter                - /api/leaveRequest/getLeaveRequestDetailInfo,admin,2025-05-27 19:13:29,0.05
2025-05-27 19:13:30,426 [http-nio-22222-exec-5] INFO  c.e.s.j.s.c.JwtAuthenticationFilter                - /api/leaveRequest/getLeaveRequestListForAdmin,admin,2025-05-27 19:13:30,0.079
2025-05-27 19:14:19,691 [http-nio-22222-exec-6] INFO  c.e.s.j.s.c.JwtAuthenticationFilter                - /api/base/getMenuList,admin,2025-05-27 19:14:19,0.29
2025-05-27 19:14:20,618 [http-nio-22222-exec-2] INFO  c.e.s.j.s.c.JwtAuthenticationFilter                - /api/leaveRequest/getLeaveRequestCount,admin,2025-05-27 19:14:20,0.148
2025-05-27 19:14:20,768 [http-nio-22222-exec-3] INFO  c.e.s.j.s.c.JwtAuthenticationFilter                - /api/leaveRequest/getLeaveRequestListForAdmin,admin,2025-05-27 19:14:20,0.145
2025-05-27 19:14:20,962 [http-nio-22222-exec-4] INFO  c.e.s.j.s.c.JwtAuthenticationFilter                - /api/leaveRequest/getLeaveRequestListForAdmin,admin,2025-05-27 19:14:20,0.138
2025-05-27 19:14:21,127 [http-nio-22222-exec-9] INFO  c.e.s.j.s.c.JwtAuthenticationFilter                - /api/leaveRequest/getLeaveRequestListForAdmin,admin,2025-05-27 19:14:20,0.16
2025-05-27 19:14:21,758 [http-nio-22222-exec-6] INFO  c.e.s.j.s.c.JwtAuthenticationFilter                - /api/leaveRequest/getLeaveRequestDetailInfo,admin,2025-05-27 19:14:21,0.089
2025-05-27 19:14:23,194 [http-nio-22222-exec-2] INFO  c.e.s.j.s.c.JwtAuthenticationFilter                - /api/leaveRequest/getLeaveRequestListForAdmin,admin,2025-05-27 19:14:23,0.071
2025-05-27 19:14:54,150 [http-nio-22222-exec-11] INFO  c.e.s.j.s.c.JwtAuthenticationFilter                - /api/base/getMenuList,admin,2025-05-27 19:14:53,0.298
2025-05-27 19:14:54,944 [http-nio-22222-exec-10] INFO  c.e.s.j.s.c.JwtAuthenticationFilter                - /api/leaveRequest/getLeaveRequestCount,admin,2025-05-27 19:14:54,0.057
2025-05-27 19:14:54,999 [http-nio-22222-exec-5] INFO  c.e.s.j.s.c.JwtAuthenticationFilter                - /api/leaveRequest/getLeaveRequestListForAdmin,admin,2025-05-27 19:14:54,0.049
2025-05-27 19:14:55,123 [http-nio-22222-exec-1] INFO  c.e.s.j.s.c.JwtAuthenticationFilter                - /api/leaveRequest/getLeaveRequestListForAdmin,admin,2025-05-27 19:14:55,0.066
2025-05-27 19:14:55,186 [http-nio-22222-exec-6] INFO  c.e.s.j.s.c.JwtAuthenticationFilter                - /api/leaveRequest/getLeaveRequestListForAdmin,admin,2025-05-27 19:14:55,0.052
2025-05-27 19:14:55,955 [http-nio-22222-exec-11] INFO  c.e.s.j.s.c.JwtAuthenticationFilter                - /api/leaveRequest/getLeaveRequestDetailInfo,admin,2025-05-27 19:14:55,0.055
2025-05-27 19:14:57,042 [http-nio-22222-exec-10] INFO  c.e.s.j.s.c.JwtAuthenticationFilter                - /api/leaveRequest/getLeaveRequestListForAdmin,admin,2025-05-27 19:14:56,0.062
2025-05-27 19:15:27,371 [http-nio-22222-exec-4] INFO  c.e.s.j.s.c.JwtAuthenticationFilter                - /api/base/getMenuList,admin,2025-05-27 19:15:27,0.235
2025-05-27 19:15:28,792 [http-nio-22222-exec-8] INFO  c.e.s.j.s.c.JwtAuthenticationFilter                - /api/leaveRequest/getLeaveRequestCount,admin,2025-05-27 19:15:28,0.039
2025-05-27 19:15:28,857 [http-nio-22222-exec-3] INFO  c.e.s.j.s.c.JwtAuthenticationFilter                - /api/leaveRequest/getLeaveRequestListForAdmin,admin,2025-05-27 19:15:28,0.059
2025-05-27 19:15:28,956 [http-nio-22222-exec-9] INFO  c.e.s.j.s.c.JwtAuthenticationFilter                - /api/leaveRequest/getLeaveRequestListForAdmin,admin,2025-05-27 19:15:28,0.044
2025-05-27 19:15:29,018 [http-nio-22222-exec-11] INFO  c.e.s.j.s.c.JwtAuthenticationFilter                - /api/leaveRequest/getLeaveRequestListForAdmin,admin,2025-05-27 19:15:28,0.057
2025-05-27 19:15:29,890 [http-nio-22222-exec-4] INFO  c.e.s.j.s.c.JwtAuthenticationFilter                - /api/leaveRequest/getLeaveRequestDetailInfo,admin,2025-05-27 19:15:29,0.052
2025-05-27 19:15:31,174 [http-nio-22222-exec-3] INFO  c.e.s.j.s.c.JwtAuthenticationFilter                - /api/leaveRequest/getLeaveRequestListForAdmin,admin,2025-05-27 19:15:31,0.08
2025-05-27 19:16:42,717 [SpringApplicationShutdownHook] INFO  o.s.b.w.embedded.tomcat.GracefulShutdown           - Commencing graceful shutdown. Waiting for active requests to complete
2025-05-27 19:16:42,718 [tomcat-shutdown] INFO  o.s.b.w.embedded.tomcat.GracefulShutdown           - Graceful shutdown complete
2025-05-27 19:16:42,733 [SpringApplicationShutdownHook] INFO  o.s.o.j.LocalContainerEntityManagerFactoryBean     - Closing JPA EntityManagerFactory for persistence unit 'default'
2025-05-27 19:16:42,733 [SpringApplicationShutdownHook] INFO  com.zaxxer.hikari.HikariDataSource                 - HikariPool-1 - Shutdown initiated...
2025-05-27 19:16:42,733 [SpringApplicationShutdownHook] INFO  com.zaxxer.hikari.HikariDataSource                 - HikariPool-1 - Shutdown completed.
2025-05-27 19:17:24,949 [background-preinit] INFO  o.h.validator.internal.util.Version                - HV000001: Hibernate Validator 8.0.2.Final
2025-05-27 19:17:25,031 [main] INFO  c.e.s.java.server.JavaServerApplication            - Starting JavaServerApplication using Java 21.0.5 with PID 23236 (D:\JavaTeam\java-server\target\classes started by sl in D:\JavaTeam\java-server)
2025-05-27 19:17:25,031 [main] INFO  c.e.s.java.server.JavaServerApplication            - No active profile set, falling back to 1 default profile: "default"
2025-05-27 19:17:25,709 [main] INFO  o.s.d.r.c.RepositoryConfigurationDelegate          - Multiple Spring Data modules found, entering strict repository configuration mode
2025-05-27 19:17:25,709 [main] INFO  o.s.d.r.c.RepositoryConfigurationDelegate          - Bootstrapping Spring Data JPA repositories in DEFAULT mode.
2025-05-27 19:17:25,833 [main] INFO  o.s.d.r.c.RepositoryConfigurationDelegate          - Finished Spring Data repository scanning in 121 ms. Found 19 JPA repository interfaces.
2025-05-27 19:17:25,849 [main] INFO  o.s.d.r.c.RepositoryConfigurationDelegate          - Multiple Spring Data modules found, entering strict repository configuration mode
2025-05-27 19:17:25,865 [main] INFO  o.s.d.r.c.RepositoryConfigurationDelegate          - Bootstrapping Spring Data Redis repositories in DEFAULT mode.
2025-05-27 19:17:25,881 [main] INFO  o.s.d.r.c.RepositoryConfigurationExtensionSupport  - Spring Data Redis - Could not safely identify store assignment for repository candidate interface cn.edu.sdu.java.server.repositorys.AwardPersonRepository; If you want this repository to be a Redis repository, consider annotating your entities with one of these annotations: org.springframework.data.redis.core.RedisHash (preferred), or consider extending one of the following types with your repository: org.springframework.data.keyvalue.repository.KeyValueRepository
2025-05-27 19:17:25,881 [main] INFO  o.s.d.r.c.RepositoryConfigurationExtensionSupport  - Spring Data Redis - Could not safely identify store assignment for repository candidate interface cn.edu.sdu.java.server.repositorys.AwardRepository; If you want this repository to be a Redis repository, consider annotating your entities with one of these annotations: org.springframework.data.redis.core.RedisHash (preferred), or consider extending one of the following types with your repository: org.springframework.data.keyvalue.repository.KeyValueRepository
2025-05-27 19:17:25,881 [main] INFO  o.s.d.r.c.RepositoryConfigurationExtensionSupport  - Spring Data Redis - Could not safely identify store assignment for repository candidate interface cn.edu.sdu.java.server.repositorys.CourseRepository; If you want this repository to be a Redis repository, consider annotating your entities with one of these annotations: org.springframework.data.redis.core.RedisHash (preferred), or consider extending one of the following types with your repository: org.springframework.data.keyvalue.repository.KeyValueRepository
2025-05-27 19:17:25,881 [main] INFO  o.s.d.r.c.RepositoryConfigurationExtensionSupport  - Spring Data Redis - Could not safely identify store assignment for repository candidate interface cn.edu.sdu.java.server.repositorys.DictionaryInfoRepository; If you want this repository to be a Redis repository, consider annotating your entities with one of these annotations: org.springframework.data.redis.core.RedisHash (preferred), or consider extending one of the following types with your repository: org.springframework.data.keyvalue.repository.KeyValueRepository
2025-05-27 19:17:25,881 [main] INFO  o.s.d.r.c.RepositoryConfigurationExtensionSupport  - Spring Data Redis - Could not safely identify store assignment for repository candidate interface cn.edu.sdu.java.server.repositorys.FamilyMemberRepository; If you want this repository to be a Redis repository, consider annotating your entities with one of these annotations: org.springframework.data.redis.core.RedisHash (preferred), or consider extending one of the following types with your repository: org.springframework.data.keyvalue.repository.KeyValueRepository
2025-05-27 19:17:25,881 [main] INFO  o.s.d.r.c.RepositoryConfigurationExtensionSupport  - Spring Data Redis - Could not safely identify store assignment for repository candidate interface cn.edu.sdu.java.server.repositorys.FeeRepository; If you want this repository to be a Redis repository, consider annotating your entities with one of these annotations: org.springframework.data.redis.core.RedisHash (preferred), or consider extending one of the following types with your repository: org.springframework.data.keyvalue.repository.KeyValueRepository
2025-05-27 19:17:25,881 [main] INFO  o.s.d.r.c.RepositoryConfigurationExtensionSupport  - Spring Data Redis - Could not safely identify store assignment for repository candidate interface cn.edu.sdu.java.server.repositorys.MenuInfoRepository; If you want this repository to be a Redis repository, consider annotating your entities with one of these annotations: org.springframework.data.redis.core.RedisHash (preferred), or consider extending one of the following types with your repository: org.springframework.data.keyvalue.repository.KeyValueRepository
2025-05-27 19:17:25,881 [main] INFO  o.s.d.r.c.RepositoryConfigurationExtensionSupport  - Spring Data Redis - Could not safely identify store assignment for repository candidate interface cn.edu.sdu.java.server.repositorys.ModifyLogRepository; If you want this repository to be a Redis repository, consider annotating your entities with one of these annotations: org.springframework.data.redis.core.RedisHash (preferred), or consider extending one of the following types with your repository: org.springframework.data.keyvalue.repository.KeyValueRepository
2025-05-27 19:17:25,881 [main] INFO  o.s.d.r.c.RepositoryConfigurationExtensionSupport  - Spring Data Redis - Could not safely identify store assignment for repository candidate interface cn.edu.sdu.java.server.repositorys.PersonRepository; If you want this repository to be a Redis repository, consider annotating your entities with one of these annotations: org.springframework.data.redis.core.RedisHash (preferred), or consider extending one of the following types with your repository: org.springframework.data.keyvalue.repository.KeyValueRepository
2025-05-27 19:17:25,881 [main] INFO  o.s.d.r.c.RepositoryConfigurationExtensionSupport  - Spring Data Redis - Could not safely identify store assignment for repository candidate interface cn.edu.sdu.java.server.repositorys.ScoreRepository; If you want this repository to be a Redis repository, consider annotating your entities with one of these annotations: org.springframework.data.redis.core.RedisHash (preferred), or consider extending one of the following types with your repository: org.springframework.data.keyvalue.repository.KeyValueRepository
2025-05-27 19:17:25,881 [main] INFO  o.s.d.r.c.RepositoryConfigurationExtensionSupport  - Spring Data Redis - Could not safely identify store assignment for repository candidate interface cn.edu.sdu.java.server.repositorys.StatisticsDayRepository; If you want this repository to be a Redis repository, consider annotating your entities with one of these annotations: org.springframework.data.redis.core.RedisHash (preferred), or consider extending one of the following types with your repository: org.springframework.data.keyvalue.repository.KeyValueRepository
2025-05-27 19:17:25,881 [main] INFO  o.s.d.r.c.RepositoryConfigurationExtensionSupport  - Spring Data Redis - Could not safely identify store assignment for repository candidate interface cn.edu.sdu.java.server.repositorys.StudentRepository; If you want this repository to be a Redis repository, consider annotating your entities with one of these annotations: org.springframework.data.redis.core.RedisHash (preferred), or consider extending one of the following types with your repository: org.springframework.data.keyvalue.repository.KeyValueRepository
2025-05-27 19:17:25,881 [main] INFO  o.s.d.r.c.RepositoryConfigurationExtensionSupport  - Spring Data Redis - Could not safely identify store assignment for repository candidate interface cn.edu.sdu.java.server.repositorys.StudentStatisticsRepository; If you want this repository to be a Redis repository, consider annotating your entities with one of these annotations: org.springframework.data.redis.core.RedisHash (preferred), or consider extending one of the following types with your repository: org.springframework.data.keyvalue.repository.KeyValueRepository
2025-05-27 19:17:25,881 [main] INFO  o.s.d.r.c.RepositoryConfigurationExtensionSupport  - Spring Data Redis - Could not safely identify store assignment for repository candidate interface cn.edu.sdu.java.server.repositorys.student_end.LeaveRequestRepository; If you want this repository to be a Redis repository, consider annotating your entities with one of these annotations: org.springframework.data.redis.core.RedisHash (preferred), or consider extending one of the following types with your repository: org.springframework.data.keyvalue.repository.KeyValueRepository
2025-05-27 19:17:25,881 [main] INFO  o.s.d.r.c.RepositoryConfigurationExtensionSupport  - Spring Data Redis - Could not safely identify store assignment for repository candidate interface cn.edu.sdu.java.server.repositorys.SystemInfoRepository; If you want this repository to be a Redis repository, consider annotating your entities with one of these annotations: org.springframework.data.redis.core.RedisHash (preferred), or consider extending one of the following types with your repository: org.springframework.data.keyvalue.repository.KeyValueRepository
2025-05-27 19:17:25,881 [main] INFO  o.s.d.r.c.RepositoryConfigurationExtensionSupport  - Spring Data Redis - Could not safely identify store assignment for repository candidate interface cn.edu.sdu.java.server.repositorys.TeacherRepository; If you want this repository to be a Redis repository, consider annotating your entities with one of these annotations: org.springframework.data.redis.core.RedisHash (preferred), or consider extending one of the following types with your repository: org.springframework.data.keyvalue.repository.KeyValueRepository
2025-05-27 19:17:25,888 [main] INFO  o.s.d.r.c.RepositoryConfigurationExtensionSupport  - Spring Data Redis - Could not safely identify store assignment for repository candidate interface cn.edu.sdu.java.server.repositorys.UserRepository; If you want this repository to be a Redis repository, consider annotating your entities with one of these annotations: org.springframework.data.redis.core.RedisHash (preferred), or consider extending one of the following types with your repository: org.springframework.data.keyvalue.repository.KeyValueRepository
2025-05-27 19:17:25,888 [main] INFO  o.s.d.r.c.RepositoryConfigurationExtensionSupport  - Spring Data Redis - Could not safely identify store assignment for repository candidate interface cn.edu.sdu.java.server.repositorys.UserTypeRepository; If you want this repository to be a Redis repository, consider annotating your entities with one of these annotations: org.springframework.data.redis.core.RedisHash (preferred), or consider extending one of the following types with your repository: org.springframework.data.keyvalue.repository.KeyValueRepository
2025-05-27 19:17:25,888 [main] INFO  o.s.d.r.c.RepositoryConfigurationExtensionSupport  - Spring Data Redis - Could not safely identify store assignment for repository candidate interface cn.edu.sdu.java.server.repositorys.VoluntaryWorkRepository; If you want this repository to be a Redis repository, consider annotating your entities with one of these annotations: org.springframework.data.redis.core.RedisHash (preferred), or consider extending one of the following types with your repository: org.springframework.data.keyvalue.repository.KeyValueRepository
2025-05-27 19:17:25,888 [main] INFO  o.s.d.r.c.RepositoryConfigurationDelegate          - Finished Spring Data repository scanning in 19 ms. Found 0 Redis repository interfaces.
2025-05-27 19:17:26,463 [main] INFO  o.s.b.w.embedded.tomcat.TomcatWebServer            - Tomcat initialized with port 22222 (http)
2025-05-27 19:17:26,479 [main] INFO  o.apache.coyote.http11.Http11NioProtocol           - Initializing ProtocolHandler ["http-nio-22222"]
2025-05-27 19:17:26,479 [main] INFO  o.apache.catalina.core.StandardService             - Starting service [Tomcat]
2025-05-27 19:17:26,479 [main] INFO  org.apache.catalina.core.StandardEngine            - Starting Servlet engine: [Apache Tomcat/10.1.34]
2025-05-27 19:17:26,557 [main] INFO  o.a.c.c.C.[Tomcat].[localhost].[/]                 - Initializing Spring embedded WebApplicationContext
2025-05-27 19:17:26,557 [main] INFO  o.s.b.w.s.c.ServletWebServerApplicationContext     - Root WebApplicationContext: initialization completed in 1487 ms
2025-05-27 19:17:26,683 [main] INFO  o.hibernate.jpa.internal.util.LogHelper            - HHH000204: Processing PersistenceUnitInfo [name: default]
2025-05-27 19:17:26,777 [main] INFO  org.hibernate.Version                              - HHH000412: Hibernate ORM core version 6.6.5.Final
2025-05-27 19:17:26,825 [main] INFO  o.h.c.internal.RegionFactoryInitiator              - HHH000026: Second-level cache disabled
2025-05-27 19:17:27,017 [main] INFO  o.s.o.j.p.SpringPersistenceUnitInfo                - No LoadTimeWeaver setup: ignoring JPA class transformer
2025-05-27 19:17:27,029 [main] INFO  com.zaxxer.hikari.HikariDataSource                 - HikariPool-1 - Starting...
2025-05-27 19:17:31,753 [main] INFO  com.zaxxer.hikari.pool.HikariPool                  - HikariPool-1 - Added connection com.mysql.cj.jdbc.ConnectionImpl@174b8d0e
2025-05-27 19:17:31,753 [main] INFO  com.zaxxer.hikari.HikariDataSource                 - HikariPool-1 - Start completed.
2025-05-27 19:17:31,816 [main] INFO  org.hibernate.orm.connections.pooling              - HHH10001005: Database info:
	Database JDBC URL [Connecting through datasource 'HikariDataSource (HikariPool-1)']
	Database driver: undefined/unknown
	Database version: 8.0.35
	Autocommit mode: undefined/unknown
	Isolation level: undefined/unknown
	Minimum pool size: undefined/unknown
	Maximum pool size: undefined/unknown
2025-05-27 19:17:32,510 [main] INFO  o.h.e.t.j.p.i.JtaPlatformInitiator                 - HHH000489: No JTA platform available (set 'hibernate.transaction.jta.platform' to enable JTA platform integration)
2025-05-27 19:17:32,861 [main] INFO  o.s.o.j.LocalContainerEntityManagerFactoryBean     - Initialized JPA EntityManagerFactory for persistence unit 'default'
2025-05-27 19:17:33,096 [main] INFO  o.s.d.j.r.query.QueryEnhancerFactory               - Hibernate is in classpath; If applicable, HQL parser will be used.
2025-05-27 19:17:33,634 [main] WARN  o.s.b.a.o.j.JpaBaseConfiguration$JpaWebConfiguration - spring.jpa.open-in-view is enabled by default. Therefore, database queries may be performed during view rendering. Explicitly configure spring.jpa.open-in-view to disable this warning
2025-05-27 19:17:33,879 [main] INFO  o.s.s.c.a.a.c.InitializeAuthenticationProviderBeanManagerConfigurer$InitializeAuthenticationProviderManagerConfigurer - Global AuthenticationManager configured with AuthenticationProvider bean with name authenticationProvider
2025-05-27 19:17:33,879 [main] WARN  o.s.s.c.a.a.c.InitializeUserDetailsBeanManagerConfigurer$InitializeUserDetailsManagerConfigurer - Global AuthenticationManager configured with an AuthenticationProvider bean. UserDetailsService beans will not be used by Spring Security for automatically configuring username/password login. Consider removing the AuthenticationProvider bean. Alternatively, consider using the UserDetailsService in a manually instantiated DaoAuthenticationProvider. If the current configuration is intentional, to turn off this warning, increase the logging level of 'org.springframework.security.config.annotation.authentication.configuration.InitializeUserDetailsBeanManagerConfigurer' to ERROR
2025-05-27 19:17:34,903 [main] INFO  o.apache.coyote.http11.Http11NioProtocol           - Starting ProtocolHandler ["http-nio-22222"]
2025-05-27 19:17:34,921 [main] INFO  o.s.b.w.embedded.tomcat.TomcatWebServer            - Tomcat started on port 22222 (http) with context path '/'
2025-05-27 19:17:34,921 [main] INFO  c.e.s.java.server.JavaServerApplication            - Started JavaServerApplication in 10.316 seconds (process running for 10.666)
2025-05-27 19:17:34,921 [main] INFO  c.e.s.j.server.SystemApplicationListener           - SystemInitStart
2025-05-27 19:17:35,052 [main] INFO  c.e.s.j.server.SystemApplicationListener           - systemInitEnd
2025-05-27 19:17:44,980 [http-nio-22222-exec-1] INFO  o.a.c.c.C.[Tomcat].[localhost].[/]                 - Initializing Spring DispatcherServlet 'dispatcherServlet'
2025-05-27 19:17:44,981 [http-nio-22222-exec-1] INFO  o.s.web.servlet.DispatcherServlet                  - Initializing Servlet 'dispatcherServlet'
2025-05-27 19:17:44,981 [http-nio-22222-exec-1] INFO  o.s.web.servlet.DispatcherServlet                  - Completed initialization in 0 ms
2025-05-27 19:17:45,904 [http-nio-22222-exec-2] INFO  c.e.s.j.s.c.JwtAuthenticationFilter                - /api/base/getMenuList,202400300010,2025-05-27 19:17:45,0.332
2025-05-27 19:17:47,692 [http-nio-22222-exec-4] INFO  c.e.s.j.s.c.JwtAuthenticationFilter                - /api/leaveRequest/getLeaveRequestListForStudent,202400300010,2025-05-27 19:17:47,0.114
2025-05-27 19:20:05,373 [http-nio-22222-exec-8] INFO  c.e.s.j.s.c.JwtAuthenticationFilter                - /api/base/getMenuList,202400300010,2025-05-27 19:20:05,0.1
2025-05-27 19:20:07,059 [http-nio-22222-exec-9] INFO  c.e.s.j.s.c.JwtAuthenticationFilter                - /api/leaveRequest/getLeaveRequestListForStudent,202400300010,2025-05-27 19:20:07,0.053
2025-05-27 19:21:38,092 [http-nio-22222-exec-5] INFO  c.e.s.j.s.c.JwtAuthenticationFilter                - /api/base/getMenuList,202400300010,2025-05-27 19:21:37,0.106
2025-05-27 19:22:07,269 [http-nio-22222-exec-8] INFO  c.e.s.j.s.c.JwtAuthenticationFilter                - /api/base/getMenuList,202400300010,2025-05-27 19:22:07,0.145
2025-05-27 19:23:31,678 [http-nio-22222-exec-2] INFO  c.e.s.j.s.c.JwtAuthenticationFilter                - /api/base/getMenuList,202400300010,2025-05-27 19:23:31,0.391
2025-05-27 19:23:35,206 [http-nio-22222-exec-4] INFO  c.e.s.j.s.c.JwtAuthenticationFilter                - /api/leaveRequest/getLeaveRequestListForStudent,202400300010,2025-05-27 19:23:35,0.042
2025-05-27 19:23:55,584 [http-nio-22222-exec-8] INFO  c.e.s.j.s.c.JwtAuthenticationFilter                - /api/base/getMenuList,admin,2025-05-27 19:23:55,0.245
2025-05-27 19:24:04,527 [http-nio-22222-exec-2] INFO  c.e.s.j.s.c.JwtAuthenticationFilter                - /api/base/getMenuList,202400300010,2025-05-27 19:24:04,0.103
2025-05-27 19:24:42,397 [http-nio-22222-exec-6] INFO  c.e.s.j.s.c.JwtAuthenticationFilter                - /api/base/getMenuList,202400300010,2025-05-27 19:24:42,0.11
2025-05-27 19:26:10,351 [http-nio-22222-exec-9] INFO  c.e.s.j.s.c.JwtAuthenticationFilter                - /api/base/getMenuList,admin,2025-05-27 19:26:09,0.417
2025-05-27 19:26:11,417 [http-nio-22222-exec-1] INFO  c.e.s.j.s.c.JwtAuthenticationFilter                - /api/leaveRequest/getLeaveRequestCount,admin,2025-05-27 19:26:11,0.093
2025-05-27 19:26:11,504 [http-nio-22222-exec-2] INFO  c.e.s.j.s.c.JwtAuthenticationFilter                - /api/leaveRequest/getLeaveRequestListForAdmin,admin,2025-05-27 19:26:11,0.079
2025-05-27 19:26:11,605 [http-nio-22222-exec-5] INFO  c.e.s.j.s.c.JwtAuthenticationFilter                - /api/leaveRequest/getLeaveRequestListForAdmin,admin,2025-05-27 19:26:11,0.051
2025-05-27 19:26:11,668 [http-nio-22222-exec-4] INFO  c.e.s.j.s.c.JwtAuthenticationFilter                - /api/leaveRequest/getLeaveRequestListForAdmin,admin,2025-05-27 19:26:11,0.059
2025-05-27 19:26:21,672 [http-nio-22222-exec-2] INFO  c.e.s.j.s.c.JwtAuthenticationFilter                - /api/base/getMenuList,202400300010,2025-05-27 19:26:21,0.094
2025-05-27 19:27:48,132 [http-nio-22222-exec-8] INFO  c.e.s.j.s.c.JwtAuthenticationFilter                - /api/base/getMenuList,202400300010,2025-05-27 19:27:48,0.103
2025-05-27 19:29:37,298 [http-nio-22222-exec-9] INFO  c.e.s.j.s.c.JwtAuthenticationFilter                - /api/base/getMenuList,202400300010,2025-05-27 19:29:37,0.076
2025-05-27 19:30:21,811 [http-nio-22222-exec-4] INFO  c.e.s.j.s.c.JwtAuthenticationFilter                - /api/base/getMenuList,202400300010,2025-05-27 19:30:21,0.117
2025-05-27 19:30:29,550 [http-nio-22222-exec-3] INFO  c.e.s.j.s.c.JwtAuthenticationFilter                - /api/leaveRequest/getLeaveRequestListForStudent,202400300010,2025-05-27 19:30:29,0.135
2025-05-27 19:35:28,993 [http-nio-22222-exec-9] INFO  c.e.s.j.s.c.JwtAuthenticationFilter                - /api/base/getMenuList,admin,2025-05-27 19:35:28,0.182
2025-05-27 19:35:30,072 [http-nio-22222-exec-2] INFO  c.e.s.j.s.c.JwtAuthenticationFilter                - /api/leaveRequest/getLeaveRequestCount,admin,2025-05-27 19:35:30,0.044
2025-05-27 19:35:30,127 [http-nio-22222-exec-1] INFO  c.e.s.j.s.c.JwtAuthenticationFilter                - /api/leaveRequest/getLeaveRequestListForAdmin,admin,2025-05-27 19:35:30,0.05
2025-05-27 19:35:30,235 [http-nio-22222-exec-5] INFO  c.e.s.j.s.c.JwtAuthenticationFilter                - /api/leaveRequest/getLeaveRequestListForAdmin,admin,2025-05-27 19:35:30,0.048
2025-05-27 19:35:30,299 [http-nio-22222-exec-4] INFO  c.e.s.j.s.c.JwtAuthenticationFilter                - /api/leaveRequest/getLeaveRequestListForAdmin,admin,2025-05-27 19:35:30,0.06
2025-05-27 19:35:39,339 [http-nio-22222-exec-1] INFO  c.e.s.j.s.c.JwtAuthenticationFilter                - /api/base/getMenuList,202400300010,2025-05-27 19:35:39,0.196
2025-05-27 19:35:50,569 [SpringApplicationShutdownHook] INFO  o.s.b.w.embedded.tomcat.GracefulShutdown           - Commencing graceful shutdown. Waiting for active requests to complete
2025-05-27 19:35:50,569 [tomcat-shutdown] INFO  o.s.b.w.embedded.tomcat.GracefulShutdown           - Graceful shutdown complete
2025-05-27 19:35:50,586 [SpringApplicationShutdownHook] INFO  o.s.o.j.LocalContainerEntityManagerFactoryBean     - Closing JPA EntityManagerFactory for persistence unit 'default'
2025-05-27 19:35:50,586 [SpringApplicationShutdownHook] INFO  com.zaxxer.hikari.HikariDataSource                 - HikariPool-1 - Shutdown initiated...
2025-05-27 19:35:50,586 [SpringApplicationShutdownHook] INFO  com.zaxxer.hikari.HikariDataSource                 - HikariPool-1 - Shutdown completed.
